#
# A fatal error has been detected by the Java Runtime Environment:
#
#  EXCEPTION_ACCESS_VIOLATION (0xc0000005) at pc=0x00007ffae3fd34a5, pid=15068, tid=2776
#
# JRE version: Java(TM) SE Runtime Environment (19.0.2+7) (build 19.0.2+7-44)
# Java VM: Java HotSpot(TM) 64-Bit Server VM (19.0.2+7-44, mixed mode, sharing, tiered, compressed oops, compressed class ptrs, g1 gc, windows-amd64)
# Problematic frame:
# V  [jvm.dll+0x6934a5]
#
# No core dump will be written. Minidumps are not enabled by default on client versions of Windows
#
# If you would like to submit a bug report, please visit:
#   https://bugreport.java.com/bugreport/crash.jsp
#

---------------  S U M M A R Y ------------

Command Line: -XX:+ShowCodeDetailsInExceptionMessages -agentlib:jdwp=transport=dt_socket,suspend=y,address=localhost:57565 -javaagent:C:\Users\SMART27\eclipse\java-2023-03\eclipse\configuration\org.eclipse.osgi\231\0\.cp\lib\javaagent-shaded.jar -Dfile.encoding=UTF-8 MainClass

Host: Intel(R) Xeon(R) CPU E5-1620 v4 @ 3.50GHz, 8 cores, 31G,  Windows 10 , 64 bit Build 19041 (10.0.19041.2788)
Time: Tue May 16 10:57:32 2023  Windows 10 , 64 bit Build 19041 (10.0.19041.2788) elapsed time: 1415.025875 seconds (0d 0h 23m 35s)

---------------  T H R E A D  ---------------

Current thread (0x0000025fe5d97340):  VMThread "VM Thread" [stack: 0x0000007bca000000,0x0000007bca100000] [id=2776]

Stack: [0x0000007bca000000,0x0000007bca100000],  sp=0x0000007bca0ff6d8,  free space=1021k
Native frames: (J=compiled Java code, j=interpreted, Vv=VM code, C=native code)
V  [jvm.dll+0x6934a5]


siginfo: EXCEPTION_ACCESS_VIOLATION (0xc0000005), reading address 0xffffffffffffffff


Registers:
RAX=0x00007ffae42bfdca, RBX=0x0000000000000000, RCX=0x0000025fe68409d8, RDX=0x0000025fb969ac01
RSP=0x0000007bca0ff6d8, RBP=0x00007ffae3fd34a0, RSI=0x0000025fb969ace0, RDI=0x0000000000000000
R8 =0x0000000000000001, R9 =0x000000007ffe6000, R10=0x00000000546c6148, R11=0x000002de2dbe2d66
R12=0x00000000000003d8, R13=0x00007ffae45572a0, R14=0x0000025fe5d90c20, R15=0x0000025fe5d90ff8
RIP=0x00007ffae3fd34a5, EFLAGS=0x0000000000010202


Register to memory mapping:

RIP=0x00007ffae3fd34a5 jvm.dll
RAX=0x00007ffae42bfdca jvm.dll
RBX=0x0 is NULL
RCX=0x0000025fe68409d8 is pointing into metadata
RDX=0x0000025fb969ac01 points into unknown readable memory: 01 00 00 00 00 00 00
RSP=0x0000007bca0ff6d8 points into unknown readable memory: 0x00007ffae4142d5a | 5a 2d 14 e4 fa 7f 00 00
RBP=0x00007ffae3fd34a0 jvm.dll
RSI=0x0000025fb969ace0 is a thread
RDI=0x0 is NULL
R8 =0x0000000000000001 is an unknown value
R9 =0x000000007ffe6000 points into unknown readable memory: 0x00000000546c6148 | 48 61 6c 54 00 00 00 00
R10=0x00000000546c6148 is an unknown value
R11=0x000002de2dbe2d66 is an unknown value
R12=0x00000000000003d8 is an unknown value
R13=0x00007ffae45572a0 jvm.dll
R14=0x0000025fe5d90c20 points into unknown readable memory: 0x0000025fe6842e00 | 00 2e 84 e6 5f 02 00 00
R15=0x0000025fe5d90ff8 points into unknown readable memory: 0x101d10e00230bc9b | 9b bc 30 02 e0 10 1d 10


Top of Stack: (sp=0x0000007bca0ff6d8)
0x0000007bca0ff6d8:   00007ffae4142d5a 0000025fe5db89a0
0x0000007bca0ff6e8:   0000007b0000001b 0000000000000009
0x0000007bca0ff6f8:   0000025fea6e9a30 0000000000000001
0x0000007bca0ff708:   00007ffae4144ddf 0000025fea6c4820
0x0000007bca0ff718:   0000025fea6c4898 0000007bca0ff8d9
0x0000007bca0ff728:   00007ffae4020ce1 00007ffae433c8d0
0x0000007bca0ff738:   00007ffae3fd34a0 0000000000000000
0x0000007bca0ff748:   0000000000000000 0000007bca0ff840
0x0000007bca0ff758:   00007ffae3fd3345 0000000000000001
0x0000007bca0ff768:   00007ffb164747b1 0000007bcabff770
0x0000007bca0ff778:   0000025fb7490000 0000025fe5d90c10
0x0000007bca0ff788:   00007ffae3ed8b3e 0000000000000000
0x0000007bca0ff798:   0000007bcabff770 0000025fe5d97340
0x0000007bca0ff7a8:   00007ffb140af05b 0000025fea6e9c30
0x0000007bca0ff7b8:   000000000000000f 0000000000000000
0x0000007bca0ff7c8:   0000025fb96b6970 0000025fb96b6970 

Instructions: (pc=0x00007ffae3fd34a5)
0x00007ffae3fd33a5:   cc cc cc cc cc cc cc cc cc cc cc 48 89 5c 24 18
0x00007ffae3fd33b5:   55 48 83 ec 20 48 8b 1d 2f c7 55 00 48 85 db 74
0x00007ffae3fd33c5:   17 48 8b 05 13 c7 55 00 48 89 83 08 02 00 00 48
0x00007ffae3fd33d5:   89 1d 05 c7 55 00 eb 07 48 8b 1d fc c6 55 00 33
0x00007ffae3fd33e5:   ed 48 89 2d 03 c7 55 00 48 85 db 74 7e 48 89 74
0x00007ffae3fd33f5:   24 30 48 89 7c 24 38 0f 1f 40 00 48 8b b3 00 02
0x00007ffae3fd3405:   00 00 48 8b fd 48 2b f3 48 c1 ee 03 48 85 f6 74
0x00007ffae3fd3415:   1e 66 66 0f 1f 84 00 00 00 00 00 48 8b 0c fb 33
0x00007ffae3fd3425:   d2 48 8b 01 ff 50 68 48 ff c7 48 3b fe 72 ec 48
0x00007ffae3fd3435:   8b 8b 08 02 00 00 48 89 ab 08 02 00 00 48 89 9b
0x00007ffae3fd3445:   00 02 00 00 48 8b 05 98 c6 55 00 48 89 83 10 02
0x00007ffae3fd3455:   00 00 48 89 1d 8a c6 55 00 48 8b d9 48 85 c9 75
0x00007ffae3fd3465:   9a 48 8b 7c 24 38 48 8b 74 24 30 48 8b 5c 24 40
0x00007ffae3fd3475:   48 89 2d 64 c6 55 00 48 83 c4 20 5d c3 cc cc cc
0x00007ffae3fd3485:   cc cc cc cc cc cc cc cc cc cc cc 48 8b 02 48 8b
0x00007ffae3fd3495:   ca b2 01 48 ff 60 68 cc cc cc cc 48 8b 01 b2 01
0x00007ffae3fd34a5:   48 ff 60 68 cc cc cc cc cc cc cc 40 53 48 83 ec
0x00007ffae3fd34b5:   20 48 8b 15 33 c6 55 00 48 8b d9 48 85 d2 74 21
0x00007ffae3fd34c5:   48 8d 82 00 02 00 00 48 39 00 75 72 48 8b 05 08
0x00007ffae3fd34d5:   c6 55 00 48 89 82 08 02 00 00 48 89 15 fa c5 55
0x00007ffae3fd34e5:   00 48 8b 15 fb c5 55 00 48 85 d2 74 10 48 8b 82
0x00007ffae3fd34f5:   10 02 00 00 48 89 05 e8 c5 55 00 eb 3a 45 33 c0
0x00007ffae3fd3505:   b9 18 02 00 00 41 8d 50 09 e8 cd 0a a3 ff 48 8b
0x00007ffae3fd3515:   d0 48 85 c0 74 1f 48 89 80 00 02 00 00 48 c7 80
0x00007ffae3fd3525:   08 02 00 00 00 00 00 00 48 c7 80 10 02 00 00 00
0x00007ffae3fd3535:   00 00 00 eb 02 33 d2 48 89 15 ad c5 55 00 48 8b
0x00007ffae3fd3545:   82 00 02 00 00 48 89 18 48 83 82 00 02 00 00 08
0x00007ffae3fd3555:   48 83 c4 20 5b c3 cc cc cc cc cc 48 89 4c 24 08
0x00007ffae3fd3565:   48 89 54 24 10 4c 89 44 24 18 4c 89 4c 24 20 48
0x00007ffae3fd3575:   83 ec 28 4c 8b c1 4c 8d 4c 24 38 48 8d 0d b9 c5
0x00007ffae3fd3585:   55 00 ba 01 00 00 00 e8 7f 7f f4 ff 48 83 c4 28
0x00007ffae3fd3595:   c3 cc cc cc cc cc cc cc cc cc cc 48 89 4c 24 08 


Stack slot to memory mapping:
stack at sp + 0 slots: 0x00007ffae4142d5a jvm.dll
stack at sp + 1 slots: 0x0000025fe5db89a0 points into unknown readable memory: 0x0000025fb7591380 | 80 13 59 b7 5f 02 00 00
stack at sp + 2 slots: 0x0000007b0000001b is an unknown value
stack at sp + 3 slots: 0x0000000000000009 is an unknown value
stack at sp + 4 slots: 0x0000025fea6e9a30 points into unknown readable memory: 0x0000025fe5db89a0 | a0 89 db e5 5f 02 00 00
stack at sp + 5 slots: 0x0000000000000001 is an unknown value
stack at sp + 6 slots: 0x00007ffae4144ddf jvm.dll
stack at sp + 7 slots: 0x0000025fea6c4820 points into unknown readable memory: 0x0000025fb969ace0 | e0 ac 69 b9 5f 02 00 00

VM_Operation (0x0000007bcabff770): RedefineClasses, mode: safepoint, requested by thread 0x0000025fea5e9e60


---------------  P R O C E S S  ---------------

Threads class SMR info:
_java_thread_list=0x0000025feabffda0, length=15, elements={
0x0000025fb969ace0, 0x0000025fe5db8d20, 0x0000025fe5dba2b0, 0x0000025fe5dbc320,
0x0000025fe5dbfc70, 0x0000025fe5dc3630, 0x0000025fe5dc75a0, 0x0000025fe5dc9280,
0x0000025fe5dcd3b0, 0x0000025fe5dce500, 0x0000025fe5d87420, 0x0000025fea5e9e60,
0x0000025fea6d4f60, 0x0000025fea6d54b0, 0x0000025fea63c8e0
}

Java Threads: ( => current thread )
  0x0000025fb969ace0 JavaThread "main" [_thread_in_native, id=1408, stack(0x0000007bc9a00000,0x0000007bc9b00000)]
  0x0000025fe5db8d20 JavaThread "Reference Handler" daemon [_thread_blocked, id=1212, stack(0x0000007bca100000,0x0000007bca200000)]
  0x0000025fe5dba2b0 JavaThread "Finalizer" daemon [_thread_blocked, id=9816, stack(0x0000007bca200000,0x0000007bca300000)]
  0x0000025fe5dbc320 JavaThread "Signal Dispatcher" daemon [_thread_blocked, id=15156, stack(0x0000007bca300000,0x0000007bca400000)]
  0x0000025fe5dbfc70 JavaThread "Attach Listener" daemon [_thread_blocked, id=11060, stack(0x0000007bca400000,0x0000007bca500000)]
  0x0000025fe5dc3630 JavaThread "Service Thread" daemon [_thread_blocked, id=11520, stack(0x0000007bca500000,0x0000007bca600000)]
  0x0000025fe5dc75a0 JavaThread "Monitor Deflation Thread" daemon [_thread_blocked, id=13532, stack(0x0000007bca600000,0x0000007bca700000)]
  0x0000025fe5dc9280 JavaThread "C2 CompilerThread0" daemon [_thread_blocked, id=14792, stack(0x0000007bca700000,0x0000007bca800000)]
  0x0000025fe5dcd3b0 JavaThread "C1 CompilerThread0" daemon [_thread_blocked, id=14736, stack(0x0000007bca800000,0x0000007bca900000)]
  0x0000025fe5dce500 JavaThread "Sweeper thread" daemon [_thread_blocked, id=9980, stack(0x0000007bca900000,0x0000007bcaa00000)]
  0x0000025fe5d87420 JavaThread "Common-Cleaner" daemon [_thread_blocked, id=14132, stack(0x0000007bcaa00000,0x0000007bcab00000)]
  0x0000025fea5e9e60 JavaThread "JDWP Transport Listener: dt_socket" daemon [_thread_blocked, id=1616, stack(0x0000007bcab00000,0x0000007bcac00000)]
  0x0000025fea6d4f60 JavaThread "JDWP Event Helper Thread" daemon [_thread_blocked, id=10900, stack(0x0000007bcac00000,0x0000007bcad00000)]
  0x0000025fea6d54b0 JavaThread "JDWP Command Reader" daemon [_thread_in_native, id=13400, stack(0x0000007bcad00000,0x0000007bcae00000)]
  0x0000025fea63c8e0 JavaThread "Notification Thread" daemon [_thread_blocked, id=12648, stack(0x0000007bcae00000,0x0000007bcaf00000)]

Other Threads:
=>0x0000025fe5d97340 VMThread "VM Thread" [stack: 0x0000007bca000000,0x0000007bca100000] [id=2776]
  0x0000025fea7f7b80 WatcherThread "VM Periodic Task Thread" [stack: 0x0000007bcaf00000,0x0000007bcb000000] [id=12356]
  0x0000025fb974c870 WorkerThread "GC Thread#0" [stack: 0x0000007bc9b00000,0x0000007bc9c00000] [id=3440]
  0x0000025fb9760080 ConcurrentGCThread "G1 Main Marker" [stack: 0x0000007bc9c00000,0x0000007bc9d00000] [id=6748]
  0x0000025fb9760ab0 WorkerThread "G1 Conc#0" [stack: 0x0000007bc9d00000,0x0000007bc9e00000] [id=10152]
  0x0000025fe5c542c0 ConcurrentGCThread "G1 Refine#0" [stack: 0x0000007bc9e00000,0x0000007bc9f00000] [id=8860]
  0x0000025fe5c54e00 ConcurrentGCThread "G1 Service" [stack: 0x0000007bc9f00000,0x0000007bca000000] [id=14308]

Threads with active compile tasks:

VM state: at safepoint (normal execution)

VM Mutex/Monitor currently owned by a thread:  ([mutex/lock_event])
[0x0000025fb96970d0] Threads_lock - owner thread: 0x0000025fe5d97340

Heap address: 0x0000000601400000, size: 8172 MB, Compressed Oops mode: Zero based, Oop shift amount: 3

CDS archive(s) mapped at: [0x0000000800000000-0x0000000800c40000-0x0000000800c40000), size 12845056, SharedBaseAddress: 0x0000000800000000, ArchiveRelocationMode: 0.
Compressed class space mapped at: 0x0000000801000000-0x0000000841000000, reserved size: 1073741824
Narrow klass base: 0x0000000800000000, Narrow klass shift: 0, Narrow klass range: 0x100000000

GC Precious Log:
 CardTable entry size: 512
 Card Set container configuration: InlinePtr #cards 4 size 8 Array Of Cards #cards 32 size 80 Howl #buckets 8 coarsen threshold 7372 Howl Bitmap #cards 1024 size 144 coarsen threshold 921 Card regions per heap region 1 cards per card region 8192
 CPUs: 8 total, 8 available
 Memory: 32684M
 Large Page Support: Disabled
 NUMA Support: Disabled
 Compressed Oops: Enabled (Zero based)
 Heap Region Size: 4M
 Heap Min Capacity: 8M
 Heap Initial Capacity: 512M
 Heap Max Capacity: 8172M
 Pre-touch: Disabled
 Parallel Workers: 8
 Concurrent Workers: 2
 Concurrent Refinement Workers: 8
 Periodic GC: Disabled

Heap:
 garbage-first heap   total 524288K, used 8192K [0x0000000601400000, 0x0000000800000000)
  region size 4096K, 3 young (12288K), 0 survivors (0K)
 Metaspace       used 3121K, committed 3200K, reserved 1114112K
  class space    used 270K, committed 320K, reserved 1048576K

Heap Regions: E=young(eden), S=young(survivor), O=old, HS=humongous(starts), HC=humongous(continues), CS=collection set, F=free, OA=open archive, CA=closed archive, TAMS=top-at-mark-start (previous, next)
|   0|0x0000000601400000, 0x0000000601400000, 0x0000000601800000|  0%| F|  |TAMS 0x0000000601400000, 0x0000000601400000| Untracked 
|   1|0x0000000601800000, 0x0000000601800000, 0x0000000601c00000|  0%| F|  |TAMS 0x0000000601800000, 0x0000000601800000| Untracked 
|   2|0x0000000601c00000, 0x0000000601c00000, 0x0000000602000000|  0%| F|  |TAMS 0x0000000601c00000, 0x0000000601c00000| Untracked 
|   3|0x0000000602000000, 0x0000000602000000, 0x0000000602400000|  0%| F|  |TAMS 0x0000000602000000, 0x0000000602000000| Untracked 
|   4|0x0000000602400000, 0x0000000602400000, 0x0000000602800000|  0%| F|  |TAMS 0x0000000602400000, 0x0000000602400000| Untracked 
|   5|0x0000000602800000, 0x0000000602800000, 0x0000000602c00000|  0%| F|  |TAMS 0x0000000602800000, 0x0000000602800000| Untracked 
|   6|0x0000000602c00000, 0x0000000602c00000, 0x0000000603000000|  0%| F|  |TAMS 0x0000000602c00000, 0x0000000602c00000| Untracked 
|   7|0x0000000603000000, 0x0000000603000000, 0x0000000603400000|  0%| F|  |TAMS 0x0000000603000000, 0x0000000603000000| Untracked 
|   8|0x0000000603400000, 0x0000000603400000, 0x0000000603800000|  0%| F|  |TAMS 0x0000000603400000, 0x0000000603400000| Untracked 
|   9|0x0000000603800000, 0x0000000603800000, 0x0000000603c00000|  0%| F|  |TAMS 0x0000000603800000, 0x0000000603800000| Untracked 
|  10|0x0000000603c00000, 0x0000000603c00000, 0x0000000604000000|  0%| F|  |TAMS 0x0000000603c00000, 0x0000000603c00000| Untracked 
|  11|0x0000000604000000, 0x0000000604000000, 0x0000000604400000|  0%| F|  |TAMS 0x0000000604000000, 0x0000000604000000| Untracked 
|  12|0x0000000604400000, 0x0000000604400000, 0x0000000604800000|  0%| F|  |TAMS 0x0000000604400000, 0x0000000604400000| Untracked 
|  13|0x0000000604800000, 0x0000000604800000, 0x0000000604c00000|  0%| F|  |TAMS 0x0000000604800000, 0x0000000604800000| Untracked 
|  14|0x0000000604c00000, 0x0000000604c00000, 0x0000000605000000|  0%| F|  |TAMS 0x0000000604c00000, 0x0000000604c00000| Untracked 
|  15|0x0000000605000000, 0x0000000605000000, 0x0000000605400000|  0%| F|  |TAMS 0x0000000605000000, 0x0000000605000000| Untracked 
|  16|0x0000000605400000, 0x0000000605400000, 0x0000000605800000|  0%| F|  |TAMS 0x0000000605400000, 0x0000000605400000| Untracked 
|  17|0x0000000605800000, 0x0000000605800000, 0x0000000605c00000|  0%| F|  |TAMS 0x0000000605800000, 0x0000000605800000| Untracked 
|  18|0x0000000605c00000, 0x0000000605c00000, 0x0000000606000000|  0%| F|  |TAMS 0x0000000605c00000, 0x0000000605c00000| Untracked 
|  19|0x0000000606000000, 0x0000000606000000, 0x0000000606400000|  0%| F|  |TAMS 0x0000000606000000, 0x0000000606000000| Untracked 
|  20|0x0000000606400000, 0x0000000606400000, 0x0000000606800000|  0%| F|  |TAMS 0x0000000606400000, 0x0000000606400000| Untracked 
|  21|0x0000000606800000, 0x0000000606800000, 0x0000000606c00000|  0%| F|  |TAMS 0x0000000606800000, 0x0000000606800000| Untracked 
|  22|0x0000000606c00000, 0x0000000606c00000, 0x0000000607000000|  0%| F|  |TAMS 0x0000000606c00000, 0x0000000606c00000| Untracked 
|  23|0x0000000607000000, 0x0000000607000000, 0x0000000607400000|  0%| F|  |TAMS 0x0000000607000000, 0x0000000607000000| Untracked 
|  24|0x0000000607400000, 0x0000000607400000, 0x0000000607800000|  0%| F|  |TAMS 0x0000000607400000, 0x0000000607400000| Untracked 
|  25|0x0000000607800000, 0x0000000607800000, 0x0000000607c00000|  0%| F|  |TAMS 0x0000000607800000, 0x0000000607800000| Untracked 
|  26|0x0000000607c00000, 0x0000000607c00000, 0x0000000608000000|  0%| F|  |TAMS 0x0000000607c00000, 0x0000000607c00000| Untracked 
|  27|0x0000000608000000, 0x0000000608000000, 0x0000000608400000|  0%| F|  |TAMS 0x0000000608000000, 0x0000000608000000| Untracked 
|  28|0x0000000608400000, 0x0000000608400000, 0x0000000608800000|  0%| F|  |TAMS 0x0000000608400000, 0x0000000608400000| Untracked 
|  29|0x0000000608800000, 0x0000000608800000, 0x0000000608c00000|  0%| F|  |TAMS 0x0000000608800000, 0x0000000608800000| Untracked 
|  30|0x0000000608c00000, 0x0000000608c00000, 0x0000000609000000|  0%| F|  |TAMS 0x0000000608c00000, 0x0000000608c00000| Untracked 
|  31|0x0000000609000000, 0x0000000609000000, 0x0000000609400000|  0%| F|  |TAMS 0x0000000609000000, 0x0000000609000000| Untracked 
|  32|0x0000000609400000, 0x0000000609400000, 0x0000000609800000|  0%| F|  |TAMS 0x0000000609400000, 0x0000000609400000| Untracked 
|  33|0x0000000609800000, 0x0000000609800000, 0x0000000609c00000|  0%| F|  |TAMS 0x0000000609800000, 0x0000000609800000| Untracked 
|  34|0x0000000609c00000, 0x0000000609c00000, 0x000000060a000000|  0%| F|  |TAMS 0x0000000609c00000, 0x0000000609c00000| Untracked 
|  35|0x000000060a000000, 0x000000060a000000, 0x000000060a400000|  0%| F|  |TAMS 0x000000060a000000, 0x000000060a000000| Untracked 
|  36|0x000000060a400000, 0x000000060a400000, 0x000000060a800000|  0%| F|  |TAMS 0x000000060a400000, 0x000000060a400000| Untracked 
|  37|0x000000060a800000, 0x000000060a800000, 0x000000060ac00000|  0%| F|  |TAMS 0x000000060a800000, 0x000000060a800000| Untracked 
|  38|0x000000060ac00000, 0x000000060ac00000, 0x000000060b000000|  0%| F|  |TAMS 0x000000060ac00000, 0x000000060ac00000| Untracked 
|  39|0x000000060b000000, 0x000000060b000000, 0x000000060b400000|  0%| F|  |TAMS 0x000000060b000000, 0x000000060b000000| Untracked 
|  40|0x000000060b400000, 0x000000060b400000, 0x000000060b800000|  0%| F|  |TAMS 0x000000060b400000, 0x000000060b400000| Untracked 
|  41|0x000000060b800000, 0x000000060b800000, 0x000000060bc00000|  0%| F|  |TAMS 0x000000060b800000, 0x000000060b800000| Untracked 
|  42|0x000000060bc00000, 0x000000060bc00000, 0x000000060c000000|  0%| F|  |TAMS 0x000000060bc00000, 0x000000060bc00000| Untracked 
|  43|0x000000060c000000, 0x000000060c000000, 0x000000060c400000|  0%| F|  |TAMS 0x000000060c000000, 0x000000060c000000| Untracked 
|  44|0x000000060c400000, 0x000000060c400000, 0x000000060c800000|  0%| F|  |TAMS 0x000000060c400000, 0x000000060c400000| Untracked 
|  45|0x000000060c800000, 0x000000060c800000, 0x000000060cc00000|  0%| F|  |TAMS 0x000000060c800000, 0x000000060c800000| Untracked 
|  46|0x000000060cc00000, 0x000000060cc00000, 0x000000060d000000|  0%| F|  |TAMS 0x000000060cc00000, 0x000000060cc00000| Untracked 
|  47|0x000000060d000000, 0x000000060d000000, 0x000000060d400000|  0%| F|  |TAMS 0x000000060d000000, 0x000000060d000000| Untracked 
|  48|0x000000060d400000, 0x000000060d400000, 0x000000060d800000|  0%| F|  |TAMS 0x000000060d400000, 0x000000060d400000| Untracked 
|  49|0x000000060d800000, 0x000000060d800000, 0x000000060dc00000|  0%| F|  |TAMS 0x000000060d800000, 0x000000060d800000| Untracked 
|  50|0x000000060dc00000, 0x000000060dc00000, 0x000000060e000000|  0%| F|  |TAMS 0x000000060dc00000, 0x000000060dc00000| Untracked 
|  51|0x000000060e000000, 0x000000060e000000, 0x000000060e400000|  0%| F|  |TAMS 0x000000060e000000, 0x000000060e000000| Untracked 
|  52|0x000000060e400000, 0x000000060e400000, 0x000000060e800000|  0%| F|  |TAMS 0x000000060e400000, 0x000000060e400000| Untracked 
|  53|0x000000060e800000, 0x000000060e800000, 0x000000060ec00000|  0%| F|  |TAMS 0x000000060e800000, 0x000000060e800000| Untracked 
|  54|0x000000060ec00000, 0x000000060ec00000, 0x000000060f000000|  0%| F|  |TAMS 0x000000060ec00000, 0x000000060ec00000| Untracked 
|  55|0x000000060f000000, 0x000000060f000000, 0x000000060f400000|  0%| F|  |TAMS 0x000000060f000000, 0x000000060f000000| Untracked 
|  56|0x000000060f400000, 0x000000060f400000, 0x000000060f800000|  0%| F|  |TAMS 0x000000060f400000, 0x000000060f400000| Untracked 
|  57|0x000000060f800000, 0x000000060f800000, 0x000000060fc00000|  0%| F|  |TAMS 0x000000060f800000, 0x000000060f800000| Untracked 
|  58|0x000000060fc00000, 0x000000060fc00000, 0x0000000610000000|  0%| F|  |TAMS 0x000000060fc00000, 0x000000060fc00000| Untracked 
|  59|0x0000000610000000, 0x0000000610000000, 0x0000000610400000|  0%| F|  |TAMS 0x0000000610000000, 0x0000000610000000| Untracked 
|  60|0x0000000610400000, 0x0000000610400000, 0x0000000610800000|  0%| F|  |TAMS 0x0000000610400000, 0x0000000610400000| Untracked 
|  61|0x0000000610800000, 0x0000000610800000, 0x0000000610c00000|  0%| F|  |TAMS 0x0000000610800000, 0x0000000610800000| Untracked 
|  62|0x0000000610c00000, 0x0000000610c00000, 0x0000000611000000|  0%| F|  |TAMS 0x0000000610c00000, 0x0000000610c00000| Untracked 
|  63|0x0000000611000000, 0x0000000611000000, 0x0000000611400000|  0%| F|  |TAMS 0x0000000611000000, 0x0000000611000000| Untracked 
|  64|0x0000000611400000, 0x0000000611400000, 0x0000000611800000|  0%| F|  |TAMS 0x0000000611400000, 0x0000000611400000| Untracked 
|  65|0x0000000611800000, 0x0000000611800000, 0x0000000611c00000|  0%| F|  |TAMS 0x0000000611800000, 0x0000000611800000| Untracked 
|  66|0x0000000611c00000, 0x0000000611c00000, 0x0000000612000000|  0%| F|  |TAMS 0x0000000611c00000, 0x0000000611c00000| Untracked 
|  67|0x0000000612000000, 0x0000000612000000, 0x0000000612400000|  0%| F|  |TAMS 0x0000000612000000, 0x0000000612000000| Untracked 
|  68|0x0000000612400000, 0x0000000612400000, 0x0000000612800000|  0%| F|  |TAMS 0x0000000612400000, 0x0000000612400000| Untracked 
|  69|0x0000000612800000, 0x0000000612800000, 0x0000000612c00000|  0%| F|  |TAMS 0x0000000612800000, 0x0000000612800000| Untracked 
|  70|0x0000000612c00000, 0x0000000612c00000, 0x0000000613000000|  0%| F|  |TAMS 0x0000000612c00000, 0x0000000612c00000| Untracked 
|  71|0x0000000613000000, 0x0000000613000000, 0x0000000613400000|  0%| F|  |TAMS 0x0000000613000000, 0x0000000613000000| Untracked 
|  72|0x0000000613400000, 0x0000000613400000, 0x0000000613800000|  0%| F|  |TAMS 0x0000000613400000, 0x0000000613400000| Untracked 
|  73|0x0000000613800000, 0x0000000613800000, 0x0000000613c00000|  0%| F|  |TAMS 0x0000000613800000, 0x0000000613800000| Untracked 
|  74|0x0000000613c00000, 0x0000000613c00000, 0x0000000614000000|  0%| F|  |TAMS 0x0000000613c00000, 0x0000000613c00000| Untracked 
|  75|0x0000000614000000, 0x0000000614000000, 0x0000000614400000|  0%| F|  |TAMS 0x0000000614000000, 0x0000000614000000| Untracked 
|  76|0x0000000614400000, 0x0000000614400000, 0x0000000614800000|  0%| F|  |TAMS 0x0000000614400000, 0x0000000614400000| Untracked 
|  77|0x0000000614800000, 0x0000000614800000, 0x0000000614c00000|  0%| F|  |TAMS 0x0000000614800000, 0x0000000614800000| Untracked 
|  78|0x0000000614c00000, 0x0000000614c00000, 0x0000000615000000|  0%| F|  |TAMS 0x0000000614c00000, 0x0000000614c00000| Untracked 
|  79|0x0000000615000000, 0x0000000615000000, 0x0000000615400000|  0%| F|  |TAMS 0x0000000615000000, 0x0000000615000000| Untracked 
|  80|0x0000000615400000, 0x0000000615400000, 0x0000000615800000|  0%| F|  |TAMS 0x0000000615400000, 0x0000000615400000| Untracked 
|  81|0x0000000615800000, 0x0000000615800000, 0x0000000615c00000|  0%| F|  |TAMS 0x0000000615800000, 0x0000000615800000| Untracked 
|  82|0x0000000615c00000, 0x0000000615c00000, 0x0000000616000000|  0%| F|  |TAMS 0x0000000615c00000, 0x0000000615c00000| Untracked 
|  83|0x0000000616000000, 0x0000000616000000, 0x0000000616400000|  0%| F|  |TAMS 0x0000000616000000, 0x0000000616000000| Untracked 
|  84|0x0000000616400000, 0x0000000616400000, 0x0000000616800000|  0%| F|  |TAMS 0x0000000616400000, 0x0000000616400000| Untracked 
|  85|0x0000000616800000, 0x0000000616800000, 0x0000000616c00000|  0%| F|  |TAMS 0x0000000616800000, 0x0000000616800000| Untracked 
|  86|0x0000000616c00000, 0x0000000616c00000, 0x0000000617000000|  0%| F|  |TAMS 0x0000000616c00000, 0x0000000616c00000| Untracked 
|  87|0x0000000617000000, 0x0000000617000000, 0x0000000617400000|  0%| F|  |TAMS 0x0000000617000000, 0x0000000617000000| Untracked 
|  88|0x0000000617400000, 0x0000000617400000, 0x0000000617800000|  0%| F|  |TAMS 0x0000000617400000, 0x0000000617400000| Untracked 
|  89|0x0000000617800000, 0x0000000617800000, 0x0000000617c00000|  0%| F|  |TAMS 0x0000000617800000, 0x0000000617800000| Untracked 
|  90|0x0000000617c00000, 0x0000000617c00000, 0x0000000618000000|  0%| F|  |TAMS 0x0000000617c00000, 0x0000000617c00000| Untracked 
|  91|0x0000000618000000, 0x0000000618000000, 0x0000000618400000|  0%| F|  |TAMS 0x0000000618000000, 0x0000000618000000| Untracked 
|  92|0x0000000618400000, 0x0000000618400000, 0x0000000618800000|  0%| F|  |TAMS 0x0000000618400000, 0x0000000618400000| Untracked 
|  93|0x0000000618800000, 0x0000000618800000, 0x0000000618c00000|  0%| F|  |TAMS 0x0000000618800000, 0x0000000618800000| Untracked 
|  94|0x0000000618c00000, 0x0000000618c00000, 0x0000000619000000|  0%| F|  |TAMS 0x0000000618c00000, 0x0000000618c00000| Untracked 
|  95|0x0000000619000000, 0x0000000619000000, 0x0000000619400000|  0%| F|  |TAMS 0x0000000619000000, 0x0000000619000000| Untracked 
|  96|0x0000000619400000, 0x0000000619400000, 0x0000000619800000|  0%| F|  |TAMS 0x0000000619400000, 0x0000000619400000| Untracked 
|  97|0x0000000619800000, 0x0000000619800000, 0x0000000619c00000|  0%| F|  |TAMS 0x0000000619800000, 0x0000000619800000| Untracked 
|  98|0x0000000619c00000, 0x0000000619c00000, 0x000000061a000000|  0%| F|  |TAMS 0x0000000619c00000, 0x0000000619c00000| Untracked 
|  99|0x000000061a000000, 0x000000061a000000, 0x000000061a400000|  0%| F|  |TAMS 0x000000061a000000, 0x000000061a000000| Untracked 
| 100|0x000000061a400000, 0x000000061a400000, 0x000000061a800000|  0%| F|  |TAMS 0x000000061a400000, 0x000000061a400000| Untracked 
| 101|0x000000061a800000, 0x000000061a800000, 0x000000061ac00000|  0%| F|  |TAMS 0x000000061a800000, 0x000000061a800000| Untracked 
| 102|0x000000061ac00000, 0x000000061ac00000, 0x000000061b000000|  0%| F|  |TAMS 0x000000061ac00000, 0x000000061ac00000| Untracked 
| 103|0x000000061b000000, 0x000000061b000000, 0x000000061b400000|  0%| F|  |TAMS 0x000000061b000000, 0x000000061b000000| Untracked 
| 104|0x000000061b400000, 0x000000061b400000, 0x000000061b800000|  0%| F|  |TAMS 0x000000061b400000, 0x000000061b400000| Untracked 
| 105|0x000000061b800000, 0x000000061b800000, 0x000000061bc00000|  0%| F|  |TAMS 0x000000061b800000, 0x000000061b800000| Untracked 
| 106|0x000000061bc00000, 0x000000061bc00000, 0x000000061c000000|  0%| F|  |TAMS 0x000000061bc00000, 0x000000061bc00000| Untracked 
| 107|0x000000061c000000, 0x000000061c000000, 0x000000061c400000|  0%| F|  |TAMS 0x000000061c000000, 0x000000061c000000| Untracked 
| 108|0x000000061c400000, 0x000000061c400000, 0x000000061c800000|  0%| F|  |TAMS 0x000000061c400000, 0x000000061c400000| Untracked 
| 109|0x000000061c800000, 0x000000061c800000, 0x000000061cc00000|  0%| F|  |TAMS 0x000000061c800000, 0x000000061c800000| Untracked 
| 110|0x000000061cc00000, 0x000000061cc00000, 0x000000061d000000|  0%| F|  |TAMS 0x000000061cc00000, 0x000000061cc00000| Untracked 
| 111|0x000000061d000000, 0x000000061d000000, 0x000000061d400000|  0%| F|  |TAMS 0x000000061d000000, 0x000000061d000000| Untracked 
| 112|0x000000061d400000, 0x000000061d400000, 0x000000061d800000|  0%| F|  |TAMS 0x000000061d400000, 0x000000061d400000| Untracked 
| 113|0x000000061d800000, 0x000000061d800000, 0x000000061dc00000|  0%| F|  |TAMS 0x000000061d800000, 0x000000061d800000| Untracked 
| 114|0x000000061dc00000, 0x000000061dc00000, 0x000000061e000000|  0%| F|  |TAMS 0x000000061dc00000, 0x000000061dc00000| Untracked 
| 115|0x000000061e000000, 0x000000061e000000, 0x000000061e400000|  0%| F|  |TAMS 0x000000061e000000, 0x000000061e000000| Untracked 
| 116|0x000000061e400000, 0x000000061e400000, 0x000000061e800000|  0%| F|  |TAMS 0x000000061e400000, 0x000000061e400000| Untracked 
| 117|0x000000061e800000, 0x000000061e800000, 0x000000061ec00000|  0%| F|  |TAMS 0x000000061e800000, 0x000000061e800000| Untracked 
| 118|0x000000061ec00000, 0x000000061ec00000, 0x000000061f000000|  0%| F|  |TAMS 0x000000061ec00000, 0x000000061ec00000| Untracked 
| 119|0x000000061f000000, 0x000000061f000000, 0x000000061f400000|  0%| F|  |TAMS 0x000000061f000000, 0x000000061f000000| Untracked 
| 120|0x000000061f400000, 0x000000061f400000, 0x000000061f800000|  0%| F|  |TAMS 0x000000061f400000, 0x000000061f400000| Untracked 
| 121|0x000000061f800000, 0x000000061f800000, 0x000000061fc00000|  0%| F|  |TAMS 0x000000061f800000, 0x000000061f800000| Untracked 
| 122|0x000000061fc00000, 0x000000061fc00000, 0x0000000620000000|  0%| F|  |TAMS 0x000000061fc00000, 0x000000061fc00000| Untracked 
| 123|0x0000000620000000, 0x0000000620000000, 0x0000000620400000|  0%| F|  |TAMS 0x0000000620000000, 0x0000000620000000| Untracked 
| 124|0x0000000620400000, 0x0000000620400000, 0x0000000620800000|  0%| F|  |TAMS 0x0000000620400000, 0x0000000620400000| Untracked 
| 125|0x0000000620800000, 0x000000062087b628, 0x0000000620c00000| 12%| E|  |TAMS 0x0000000620800000, 0x0000000620800000| Complete 
| 126|0x0000000620c00000, 0x0000000621000000, 0x0000000621000000|100%| E|CS|TAMS 0x0000000620c00000, 0x0000000620c00000| Complete 
| 127|0x0000000621000000, 0x0000000621400000, 0x0000000621400000|100%| E|CS|TAMS 0x0000000621000000, 0x0000000621000000| Complete 

Card table byte_map: [0x0000025fd1940000,0x0000025fd2940000] _byte_map_base: 0x0000025fce936000

Marking Bits (Prev, Next): (CMBitMap*) 0x0000025fb974eec0, (CMBitMap*) 0x0000025fb974ef00
 Prev Bits: [0x0000025fd3940000, 0x0000025fdb8f0000)
 Next Bits: [0x0000025fdb8f0000, 0x0000025fe38a0000)

Polling page: 0x0000025fb7630000

Metaspace:

Usage:
  Non-class:      2.78 MB used.
      Class:    270.48 KB used.
       Both:      3.05 MB used.

Virtual space:
  Non-class space:       64.00 MB reserved,       2.81 MB (  4%) committed,  1 nodes.
      Class space:        1.00 GB reserved,     320.00 KB ( <1%) committed,  1 nodes.
             Both:        1.06 GB reserved,       3.12 MB ( <1%) committed. 

Chunk freelists:
   Non-Class:  3.69 MB
       Class:  3.72 MB
        Both:  7.40 MB

MaxMetaspaceSize: unlimited
CompressedClassSpaceSize: 1.00 GB
Initial GC threshold: 21.00 MB
Current GC threshold: 21.00 MB
CDS: on
MetaspaceReclaimPolicy: balanced
 - commit_granule_bytes: 65536.
 - commit_granule_words: 8192.
 - virtual_space_node_default_size: 8388608.
 - enlarge_chunks_in_place: 1.
 - new_chunks_are_fully_committed: 0.
 - uncommit_free_chunks: 1.
 - use_allocation_guard: 0.


Internal statistics:

num_allocs_failed_limit: 0.
num_arena_births: 30.
num_arena_deaths: 0.
num_vsnodes_births: 2.
num_vsnodes_deaths: 0.
num_space_committed: 50.
num_space_uncommitted: 0.
num_chunks_returned_to_freelist: 0.
num_chunks_taken_from_freelist: 47.
num_chunk_merges: 0.
num_chunk_splits: 33.
num_chunks_enlarged: 23.
num_inconsistent_stats: 0.

CodeHeap 'non-profiled nmethods': size=120000Kb used=168Kb max_used=168Kb free=119831Kb
 bounds [0x0000025fc90e0000, 0x0000025fc9350000, 0x0000025fd0610000]
CodeHeap 'profiled nmethods': size=120000Kb used=770Kb max_used=770Kb free=119229Kb
 bounds [0x0000025fc1610000, 0x0000025fc1880000, 0x0000025fc8b40000]
CodeHeap 'non-nmethods': size=5760Kb used=1304Kb max_used=1321Kb free=4455Kb
 bounds [0x0000025fc8b40000, 0x0000025fc8db0000, 0x0000025fc90e0000]
 total_blobs=967 nmethods=521 adapters=357
 compilation: enabled
              stopped_count=0, restarted_count=0
 full_count=0

Compilation events (20 events):
Event: 0.594 Thread 0x0000025fe5dcd3b0 nmethod 517 0x0000025fc16cfb10 code [0x0000025fc16cfd00, 0x0000025fc16d01a8]
Event: 0.594 Thread 0x0000025fe5dc9280  496       4       org.eclipse.jdt.launching.internal.org.objectweb.asm.ClassReader::readUnsignedShort (26 bytes)
Event: 0.595 Thread 0x0000025fe5dc9280 nmethod 496 0x0000025fc9108690 code [0x0000025fc9108820, 0x0000025fc9108918]
Event: 0.595 Thread 0x0000025fe5dc9280  510       4       org.eclipse.jdt.launching.internal.org.objectweb.asm.ClassReader::getItem (7 bytes)
Event: 0.595 Thread 0x0000025fe5dc9280 nmethod 510 0x0000025fc9108a10 code [0x0000025fc9108ba0, 0x0000025fc9108c58]
Event: 0.595 Thread 0x0000025fe5dc9280  498       4       java.lang.StringUTF16::getChar (60 bytes)
Event: 0.596 Thread 0x0000025fe5dcd3b0  519       3       java.lang.invoke.MethodHandles$Lookup::lookupClassOrNull (17 bytes)
Event: 0.596 Thread 0x0000025fe5dc9280 nmethod 498 0x0000025fc9109110 code [0x0000025fc91092a0, 0x0000025fc9109378]
Event: 0.596 Thread 0x0000025fe5dcd3b0 nmethod 519 0x0000025fc16d0490 code [0x0000025fc16d0640, 0x0000025fc16d07d8]
Event: 0.596 Thread 0x0000025fea709920 nmethod 512 0x0000025fc9109490 code [0x0000025fc9109620, 0x0000025fc9109878]
Event: 0.596 Thread 0x0000025fe5dcd3b0  520       1       java.nio.Buffer::position (5 bytes)
Event: 0.596 Thread 0x0000025fe5dcd3b0 nmethod 520 0x0000025fc9109990 code [0x0000025fc9109b20, 0x0000025fc9109bd8]
Event: 96.054 Thread 0x0000025fe5dc9280  521       4       java.lang.String::hashCode (60 bytes)
Event: 96.063 Thread 0x0000025fe5dc9280 

Event: 600.139 Thread 0x0000025fe5dcd3b0  522       1       java.util.concurrent.locks.AbstractOwnableSynchronizer::setExclusiveOwnerThread (6 bytes)
Event: 600.140 Thread 0x0000025fe5dcd3b0 nmethod 522 0x0000025fc9109c90 code [0x0000025fc9109e20, 0x0000025fc9109f38]
Event: 1047.444 Thread 0x0000025fe5dc9280  523       4       org.eclipse.jdt.launching.internal.org.objectweb.asm.ClassReader::readUtf (161 bytes)
Event: 1047.469 Thread 0x0000025fe5dc9280 

Event: 1140.206 Thread 0x0000025fe5dcd3b0  524       1       java.util.concurrent.locks.AbstractQueuedSynchronizer::getState (5 bytes)
Event: 1140.206 Thread 0x0000025fe5dcd3b0 nmethod 524 0x0000025fc9109f90 code [0x0000025fc910a120, 0x0000025fc910a1d8]

GC Heap History (0 events):
No events

Dll operation events (9 events):
Event: 0.009 Loaded shared library C:\Program Files\Java\jdk-19\bin\java.dll
Event: 0.022 Loaded shared library C:\Program Files\Java\jdk-19\bin\jsvml.dll
Event: 0.405 Loaded shared library C:\Program Files\Java\jdk-19\bin\zip.dll
Event: 0.409 Loaded shared library C:\Program Files\Java\jdk-19\bin\instrument.dll
Event: 0.417 Loaded shared library C:\Program Files\Java\jdk-19\bin\net.dll
Event: 0.418 Loaded shared library C:\Program Files\Java\jdk-19\bin\nio.dll
Event: 0.421 Loaded shared library C:\Program Files\Java\jdk-19\bin\zip.dll
Event: 0.497 Loaded shared library C:\Program Files\Java\jdk-19\bin\jimage.dll
Event: 0.544 Loaded shared library C:\Program Files\Java\jdk-19\bin\verify.dll

Deoptimization events (20 events):
Event: 0.562 Thread 0x0000025fb969ace0 DEOPT PACKING pc=0x0000025fc169119b sp=0x0000007bc9afb960
Event: 0.562 Thread 0x0000025fb969ace0 DEOPT UNPACKING pc=0x0000025fc8ba7543 sp=0x0000007bc9afadc8 mode 0
Event: 0.564 Thread 0x0000025fb969ace0 DEOPT PACKING pc=0x0000025fc169119b sp=0x0000007bc9af7b10
Event: 0.564 Thread 0x0000025fb969ace0 DEOPT UNPACKING pc=0x0000025fc8ba7543 sp=0x0000007bc9af6f78 mode 0
Event: 0.566 Thread 0x0000025fb969ace0 DEOPT PACKING pc=0x0000025fc1691273 sp=0x0000007bc9af7b10
Event: 0.566 Thread 0x0000025fb969ace0 DEOPT UNPACKING pc=0x0000025fc8ba7543 sp=0x0000007bc9af6f78 mode 0
Event: 0.567 Thread 0x0000025fb969ace0 DEOPT PACKING pc=0x0000025fc1691273 sp=0x0000007bc9af7b10
Event: 0.567 Thread 0x0000025fb969ace0 DEOPT UNPACKING pc=0x0000025fc8ba7543 sp=0x0000007bc9af6f78 mode 0
Event: 0.567 Thread 0x0000025fb969ace0 DEOPT PACKING pc=0x0000025fc1691273 sp=0x0000007bc9af7b10
Event: 0.567 Thread 0x0000025fb969ace0 DEOPT UNPACKING pc=0x0000025fc8ba7543 sp=0x0000007bc9af6f78 mode 0
Event: 0.568 Thread 0x0000025fb969ace0 DEOPT PACKING pc=0x0000025fc1691273 sp=0x0000007bc9af7b10
Event: 0.568 Thread 0x0000025fb969ace0 DEOPT UNPACKING pc=0x0000025fc8ba7543 sp=0x0000007bc9af6f78 mode 0
Event: 0.593 Thread 0x0000025fb969ace0 Uncommon trap: trap_request=0xffffff45 fr.pc=0x0000025fc90f5268 relative=0x0000000000000048
Event: 0.593 Thread 0x0000025fb969ace0 Uncommon trap: reason=unstable_if action=reinterpret pc=0x0000025fc90f5268 method=java.lang.CharacterData.of(I)Ljava/lang/CharacterData; @ 4 c2
Event: 0.594 Thread 0x0000025fb969ace0 DEOPT PACKING pc=0x0000025fc90f5268 sp=0x0000007bc9afe670
Event: 0.594 Thread 0x0000025fb969ace0 DEOPT UNPACKING pc=0x0000025fc8ba6da3 sp=0x0000007bc9afe610 mode 2
Event: 0.596 Thread 0x0000025fb969ace0 Uncommon trap: trap_request=0xffffff45 fr.pc=0x0000025fc9107e6c relative=0x000000000000058c
Event: 0.596 Thread 0x0000025fb969ace0 Uncommon trap: reason=unstable_if action=reinterpret pc=0x0000025fc9107e6c method=java.util.regex.Matcher.search(I)Z @ 30 c2
Event: 0.596 Thread 0x0000025fb969ace0 DEOPT PACKING pc=0x0000025fc9107e6c sp=0x0000007bc9afefb0
Event: 0.596 Thread 0x0000025fb969ace0 DEOPT UNPACKING pc=0x0000025fc8ba6da3 sp=0x0000007bc9afef80 mode 2

Classes loaded (20 events):
Event: 0.578 Loading class jdk/internal/module/ModulePatcher$PatchedModuleReader
Event: 0.578 Loading class jdk/internal/module/ModulePatcher$PatchedModuleReader done
Event: 0.580 Loading class java/lang/WeakPairMap$Pair$Weak
Event: 0.580 Loading class java/lang/WeakPairMap$WeakRefPeer
Event: 0.580 Loading class java/lang/WeakPairMap$WeakRefPeer done
Event: 0.580 Loading class java/lang/WeakPairMap$Pair$Weak done
Event: 0.580 Loading class java/lang/WeakPairMap$Pair$Weak$1
Event: 0.580 Loading class java/lang/WeakPairMap$Pair$Weak$1 done
Event: 0.585 Loading class sun/util/resources/LocaleData$CommonResourceBundleProvider
Event: 0.585 Loading class sun/util/resources/LocaleData$LocaleDataResourceBundleProvider
Event: 0.585 Loading class java/util/spi/ResourceBundleProvider
Event: 0.585 Loading class java/util/spi/ResourceBundleProvider done
Event: 0.585 Loading class sun/util/resources/LocaleData$LocaleDataResourceBundleProvider done
Event: 0.585 Loading class sun/util/resources/LocaleData$CommonResourceBundleProvider done
Event: 0.586 Loading class sun/util/resources/Bundles$2
Event: 0.586 Loading class sun/util/resources/Bundles$2 done
Event: 0.586 Loading class java/lang/InstantiationException
Event: 0.586 Loading class java/lang/InstantiationException done
Event: 0.586 Loading class java/lang/IllegalAccessException
Event: 0.586 Loading class java/lang/IllegalAccessException done

Classes unloaded (0 events):
No events

Classes redefined (4 events):
Event: 46.519 Thread 0x0000025fe5d97340 redefined class name=MainClass, count=1
Event: 96.055 Thread 0x0000025fe5d97340 redefined class name=MainClass, count=2
Event: 952.701 Thread 0x0000025fe5d97340 redefined class name=MainClass, count=3
Event: 1047.445 Thread 0x0000025fe5d97340 redefined class name=MainClass, count=4

Internal exceptions (2 events):
Event: 0.531 Thread 0x0000025fb969ace0 Exception <a 'java/lang/NoSuchMethodError'{0x0000000620dc3cb0}: 'void java.lang.invoke.DirectMethodHandle$Holder.invokeStatic(java.lang.Object, java.lang.Object, java.lang.Object)'> (0x0000000620dc3cb0) 
thrown [s\open\src\hotspot\share\interpreter\linkResolver.cpp, line 774]
Event: 0.535 Thread 0x0000025fb969ace0 Exception <a 'java/lang/NoSuchMethodError'{0x0000000620dd75f0}: 'java.lang.Object java.lang.invoke.Invokers$Holder.invokeExact_MT(java.lang.Object, java.lang.Object, java.lang.Object, java.lang.Object, java.lang.Object)'> (0x0000000620dd75f0) 
thrown [s\open\src\hotspot\share\interpreter\linkResolver.cpp, line 774]

VM Operations (19 events):
Event: 0.116 Executing VM operation: ChangeBreakpoints
Event: 0.117 Executing VM operation: ChangeBreakpoints done
Event: 0.178 Executing VM operation: ChangeBreakpoints
Event: 0.178 Executing VM operation: ChangeBreakpoints done
Event: 0.594 Executing VM operation: HandshakeAllThreads
Event: 0.594 Executing VM operation: HandshakeAllThreads done
Event: 1.609 Executing VM operation: Cleanup
Event: 1.609 Executing VM operation: Cleanup done
Event: 46.518 Executing VM operation: RedefineClasses
Event: 46.520 Executing VM operation: RedefineClasses done
Event: 96.054 Executing VM operation: RedefineClasses
Event: 96.057 Executing VM operation: RedefineClasses done
Event: 952.701 Executing VM operation: RedefineClasses
Event: 952.704 Executing VM operation: RedefineClasses done
Event: 1047.444 Executing VM operation: RedefineClasses
Event: 1047.447 Executing VM operation: RedefineClasses done
Event: 1047.449 Executing VM operation: ChangeBreakpoints
Event: 1047.450 Executing VM operation: ChangeBreakpoints done
Event: 1415.022 Executing VM operation: RedefineClasses

Events (17 events):
Event: 0.022 Thread 0x0000025fb969ace0 Thread added: 0x0000025fb969ace0
Event: 0.042 Thread 0x0000025fe5db8d20 Thread added: 0x0000025fe5db8d20
Event: 0.042 Thread 0x0000025fe5dba2b0 Thread added: 0x0000025fe5dba2b0
Event: 0.042 Thread 0x0000025fe5dbc320 Thread added: 0x0000025fe5dbc320
Event: 0.043 Thread 0x0000025fe5dbfc70 Thread added: 0x0000025fe5dbfc70
Event: 0.043 Thread 0x0000025fe5dc3630 Thread added: 0x0000025fe5dc3630
Event: 0.043 Thread 0x0000025fe5dc75a0 Thread added: 0x0000025fe5dc75a0
Event: 0.043 Thread 0x0000025fe5dc9280 Thread added: 0x0000025fe5dc9280
Event: 0.043 Thread 0x0000025fe5dcd3b0 Thread added: 0x0000025fe5dcd3b0
Event: 0.043 Thread 0x0000025fe5dce500 Thread added: 0x0000025fe5dce500
Event: 0.070 Thread 0x0000025fe5d87420 Thread added: 0x0000025fe5d87420
Event: 0.116 Thread 0x0000025fea5e9e60 Thread added: 0x0000025fea5e9e60
Event: 0.116 Thread 0x0000025fea6d4f60 Thread added: 0x0000025fea6d4f60
Event: 0.116 Thread 0x0000025fea6d54b0 Thread added: 0x0000025fea6d54b0
Event: 0.539 Thread 0x0000025fea63c8e0 Thread added: 0x0000025fea63c8e0
Event: 0.588 Thread 0x0000025fea709920 Thread added: 0x0000025fea709920
Event: 5.600 Thread 0x0000025fea709920 Thread exited: 0x0000025fea709920


Dynamic libraries:
0x00007ff6bede0000 - 0x00007ff6bedf0000 	C:\Program Files\Java\jdk-19\bin\javaw.exe
0x00007ffb16450000 - 0x00007ffb16648000 	C:\WINDOWS\SYSTEM32\ntdll.dll
0x00007ffb16350000 - 0x00007ffb1640f000 	C:\WINDOWS\System32\KERNEL32.DLL
0x00007ffb13b60000 - 0x00007ffb13e3a000 	C:\WINDOWS\System32\KERNELBASE.dll
0x00007ffb140a0000 - 0x00007ffb141a0000 	C:\WINDOWS\System32\ucrtbase.dll
0x00007ffb05500000 - 0x00007ffb05518000 	C:\Program Files\Java\jdk-19\bin\jli.dll
0x00007ffb14530000 - 0x00007ffb145de000 	C:\WINDOWS\System32\ADVAPI32.dll
0x00007ffb15010000 - 0x00007ffb150ae000 	C:\WINDOWS\System32\msvcrt.dll
0x00007ffb152d0000 - 0x00007ffb1536c000 	C:\WINDOWS\System32\sechost.dll
0x00007ffb14ee0000 - 0x00007ffb15006000 	C:\WINDOWS\System32\RPCRT4.dll
0x00007ffb15cc0000 - 0x00007ffb15e5d000 	C:\WINDOWS\System32\USER32.dll
0x00007ffb13e40000 - 0x00007ffb13e62000 	C:\WINDOWS\System32\win32u.dll
0x00007ffb155f0000 - 0x00007ffb1561b000 	C:\WINDOWS\System32\GDI32.dll
0x00007ffb14240000 - 0x00007ffb14350000 	C:\WINDOWS\System32\gdi32full.dll
0x00007ffb141a0000 - 0x00007ffb1423d000 	C:\WINDOWS\System32\msvcp_win.dll
0x00007ffb05c80000 - 0x00007ffb05f1a000 	C:\WINDOWS\WinSxS\amd64_microsoft.windows.common-controls_6595b64144ccf1df_6.0.19041.1110_none_60b5254171f9507e\COMCTL32.dll
0x00007ffb0e0f0000 - 0x00007ffb0e0fa000 	C:\WINDOWS\SYSTEM32\VERSION.dll
0x00007ffb0b0b0000 - 0x00007ffb0b0cb000 	C:\Program Files\Java\jdk-19\bin\VCRUNTIME140.dll
0x00007ffb156d0000 - 0x00007ffb15700000 	C:\WINDOWS\System32\IMM32.DLL
0x00007ffb11080000 - 0x00007ffb1108c000 	C:\Program Files\Java\jdk-19\bin\vcruntime140_1.dll
0x00007ffaf8550000 - 0x00007ffaf85de000 	C:\Program Files\Java\jdk-19\bin\msvcp140.dll
0x00007ffae3940000 - 0x00007ffae4600000 	C:\Program Files\Java\jdk-19\bin\server\jvm.dll
0x00007ffafd790000 - 0x00007ffafd799000 	C:\WINDOWS\SYSTEM32\WSOCK32.dll
0x00007ffb0cb00000 - 0x00007ffb0cb27000 	C:\WINDOWS\SYSTEM32\WINMM.dll
0x00007ffb15e60000 - 0x00007ffb15ecb000 	C:\WINDOWS\System32\WS2_32.dll
0x00007ffb11a40000 - 0x00007ffb11a52000 	C:\WINDOWS\SYSTEM32\kernel.appcore.dll
0x00007ffb0edf0000 - 0x00007ffb0edfa000 	C:\Program Files\Java\jdk-19\bin\jimage.dll
0x00007ffb0f270000 - 0x00007ffb0f454000 	C:\WINDOWS\SYSTEM32\DBGHELP.DLL
0x00007ffb0f1f0000 - 0x00007ffb0f224000 	C:\WINDOWS\SYSTEM32\dbgcore.DLL
0x00007ffb13f90000 - 0x00007ffb14012000 	C:\WINDOWS\System32\bcryptPrimitives.dll
0x00007ffb0b320000 - 0x00007ffb0b35c000 	C:\Program Files\Java\jdk-19\bin\jdwp.dll
0x00007ffb0ecd0000 - 0x00007ffb0ecde000 	C:\Program Files\Java\jdk-19\bin\instrument.dll
0x00007ffb046d0000 - 0x00007ffb046f6000 	C:\Program Files\Java\jdk-19\bin\java.dll
0x00007ffaf1ed0000 - 0x00007ffaf1fa7000 	C:\Program Files\Java\jdk-19\bin\jsvml.dll
0x00007ffb145e0000 - 0x00007ffb14d24000 	C:\WINDOWS\System32\SHELL32.dll
0x00007ffb11c40000 - 0x00007ffb123d3000 	C:\WINDOWS\SYSTEM32\windows.storage.dll
0x00007ffb15700000 - 0x00007ffb15a54000 	C:\WINDOWS\System32\combase.dll
0x00007ffb135c0000 - 0x00007ffb135ee000 	C:\WINDOWS\SYSTEM32\Wldp.dll
0x00007ffb15620000 - 0x00007ffb156cd000 	C:\WINDOWS\System32\SHCORE.dll
0x00007ffb15c60000 - 0x00007ffb15cb5000 	C:\WINDOWS\System32\shlwapi.dll
0x00007ffb13aa0000 - 0x00007ffb13abf000 	C:\WINDOWS\SYSTEM32\profapi.dll
0x00007ffb0b310000 - 0x00007ffb0b31c000 	C:\Program Files\Java\jdk-19\bin\dt_socket.dll
0x00007ffb12fc0000 - 0x00007ffb12ffc000 	C:\WINDOWS\SYSTEM32\IPHLPAPI.DLL
0x00007ffb13320000 - 0x00007ffb1338a000 	C:\WINDOWS\system32\mswsock.dll
0x00007ffb13010000 - 0x00007ffb130db000 	C:\WINDOWS\SYSTEM32\DNSAPI.dll
0x00007ffb16340000 - 0x00007ffb16348000 	C:\WINDOWS\System32\NSI.dll
0x00007ffb0c240000 - 0x00007ffb0c24a000 	C:\Windows\System32\rasadhlp.dll
0x00007ffb0b820000 - 0x00007ffb0b8a0000 	C:\WINDOWS\System32\fwpuclnt.dll
0x00007ffb14020000 - 0x00007ffb14047000 	C:\WINDOWS\System32\bcrypt.dll
0x00007ffb03b70000 - 0x00007ffb03b88000 	C:\Program Files\Java\jdk-19\bin\zip.dll
0x00007ffb051f0000 - 0x00007ffb05203000 	C:\Program Files\Java\jdk-19\bin\net.dll
0x00007ffb091c0000 - 0x00007ffb092ca000 	C:\WINDOWS\SYSTEM32\WINHTTP.dll
0x00007ffb05110000 - 0x00007ffb05126000 	C:\Program Files\Java\jdk-19\bin\nio.dll
0x00007ffb0c990000 - 0x00007ffb0c9a0000 	C:\Program Files\Java\jdk-19\bin\verify.dll

dbghelp: loaded successfully - version: 4.0.5 - missing functions: none
symbol engine: initialized successfully - sym options: 0x614 - pdb path: .;C:\Program Files\Java\jdk-19\bin;C:\WINDOWS\SYSTEM32;C:\WINDOWS\WinSxS\amd64_microsoft.windows.common-controls_6595b64144ccf1df_6.0.19041.1110_none_60b5254171f9507e;C:\Program Files\Java\jdk-19\bin\server

VM Arguments:
jvm_args: -XX:+ShowCodeDetailsInExceptionMessages -agentlib:jdwp=transport=dt_socket,suspend=y,address=localhost:57565 -javaagent:C:\Users\SMART27\eclipse\java-2023-03\eclipse\configuration\org.eclipse.osgi\231\0\.cp\lib\javaagent-shaded.jar -Dfile.encoding=UTF-8 
java_command: MainClass
java_class_path (initial): C:\Users\SMART27\eclipse-workspace\CollectionsFramework_J[0516]\bin
Launcher Type: SUN_STANDARD

[Global flags]
     intx CICompilerCount                          = 4                                         {product} {ergonomic}
     uint ConcGCThreads                            = 2                                         {product} {ergonomic}
     uint G1ConcRefinementThreads                  = 8                                         {product} {ergonomic}
   size_t G1HeapRegionSize                         = 4194304                                   {product} {ergonomic}
    uintx GCDrainStackTargetSize                   = 64                                        {product} {ergonomic}
   size_t InitialHeapSize                          = 536870912                                 {product} {ergonomic}
   size_t MarkStackSize                            = 4194304                                   {product} {ergonomic}
   size_t MaxHeapSize                              = 8568963072                                {product} {ergonomic}
   size_t MaxNewSize                               = 5138022400                                {product} {ergonomic}
   size_t MinHeapDeltaBytes                        = 4194304                                   {product} {ergonomic}
   size_t MinHeapSize                              = 8388608                                   {product} {ergonomic}
    uintx NonNMethodCodeHeapSize                   = 5839372                                {pd product} {ergonomic}
    uintx NonProfiledCodeHeapSize                  = 122909434                              {pd product} {ergonomic}
    uintx ProfiledCodeHeapSize                     = 122909434                              {pd product} {ergonomic}
    uintx ReservedCodeCacheSize                    = 251658240                              {pd product} {ergonomic}
     bool SegmentedCodeCache                       = true                                      {product} {ergonomic}
     bool ShowCodeDetailsInExceptionMessages       = true                                   {manageable} {command line}
   size_t SoftMaxHeapSize                          = 8568963072                             {manageable} {ergonomic}
     bool UseCompressedClassPointers               = true                           {product lp64_product} {ergonomic}
     bool UseCompressedOops                        = true                           {product lp64_product} {ergonomic}
     bool UseG1GC                                  = true                                      {product} {ergonomic}
     bool UseLargePagesIndividualAllocation        = false                                  {pd product} {ergonomic}

Logging:
Log output configuration:
 #0: stdout all=warning uptime,level,tags foldmultilines=false
 #1: stderr all=off uptime,level,tags foldmultilines=false

Environment Variables:
JAVA_HOME=C:\Program Files\Java\jdk-19
CLASSPATH=C:\Program Files\Java\jdk-19\lib
PATH=C:\Program Files\Common Files\Oracle\Java\javapath;C:\oraclexe\app\oracle\product\11.2.0\server\bin;C:\WINDOWS\system32;C:\WINDOWS;C:\WINDOWS\System32\Wbem;C:\WINDOWS\System32\WindowsPowerShell\v1.0\;C:\WINDOWS\System32\OpenSSH\;C:\Program Files\Java\jdk-19\bin;C:\Program Files\nodejs\;C:\Program Files\Git\cmd;C:\Program Files\PuTTY\;C:\Users\SMART27\anaconda3;C:\Users\SMART27\anaconda3\Library\mingw-w64\bin;C:\Users\SMART27\anaconda3\Library\usr\bin;C:\Users\SMART27\anaconda3\Library\bin;C:\Users\SMART27\anaconda3\Scripts;C:\Users\SMART27\AppData\Local\Microsoft\WindowsApps;C:\Users\SMART27\AppData\Local\atom\bin;C:\Users\SMART27\AppData\Roaming\npm;C:\Users\SMART27\AppData\Local\GitHubDesktop\bin;C:\Program Files\JetBrains\PyCharm Community Edition 2023.1\bin;
USERNAME=SMART27
OS=Windows_NT
PROCESSOR_IDENTIFIER=Intel64 Family 6 Model 79 Stepping 1, GenuineIntel
TMP=C:\Users\SMART27\AppData\Local\Temp
TEMP=C:\Users\SMART27\AppData\Local\Temp



---------------  S Y S T E M  ---------------

OS:
 Windows 10 , 64 bit Build 19041 (10.0.19041.2788)
OS uptime: 4 days 17:06 hours

CPU: total 8 (initial active 8) (4 cores per cpu, 2 threads per core) family 6 model 79 stepping 1 microcode 0xb000031, cx8, cmov, fxsr, ht, mmx, 3dnowpref, sse, sse2, sse3, ssse3, sse4.1, sse4.2, popcnt, lzcnt, tsc, tscinvbit, avx, avx2, aes, erms, clmul, bmi1, bmi2, rtm, adx, fma, vzeroupper, clflush, rdtscp

Memory: 4k page, system-wide physical 32684M (24554M free)
TotalPageFile size 37548M (AvailPageFile size 19592M)
current process WorkingSet (physical memory assigned to process): 46M, peak: 49M
current process commit charge ("private bytes"): 614M, peak: 617M

vm_info: Java HotSpot(TM) 64-Bit Server VM (19.0.2+7-44) for windows-amd64 JRE (19.0.2+7-44), built on 2022-11-30T18:02:09Z by "mach5one" with MS VC++ 17.1 (VS2022)

END.
